<?xml version="1.0" encoding="UTF-8"?>
<!-- Generated by org.testng.reporters.JUnitReportReporter -->
<testsuite hostname="LAPTOP-45OB2DI7" failures="0" tests="1" name="myRunner.TestRunner" time="29.926" errors="0" timestamp="15 Dec 2020 22:35:04 GMT" skipped="0">
  <testcase classname="myRunner.TestRunner" name="feature" time="29.926"/>
</testsuite> <!-- myRunner.TestRunner -->
